::1 - - [11/Oct/2023:06:07:00 +0000] "GET /api/v1/product HTTP/1.1" 200 17
::1 - - [11/Oct/2023:06:12:24 +0000] "GET /api/v1/product HTTP/1.1" 200 22
::1 - - [11/Oct/2023:06:12:53 +0000] "POST /api/v1/product HTTP/1.1" 200 66
::1 - - [11/Oct/2023:06:13:19 +0000] "GET /api/v1/product HTTP/1.1" 200 22
::1 - - [11/Oct/2023:06:13:27 +0000] "GET /api/v1/product HTTP/1.1" 200 22
::1 - - [11/Oct/2023:06:14:02 +0000] "PUT /api/v1/product/1 HTTP/1.1" 200 83
::1 - - [11/Oct/2023:06:14:29 +0000] "DELETE /api/v1/product/1 HTTP/1.1" 200 17
::1 - - [11/Oct/2023:06:18:13 +0000] "GET /product HTTP/1.1" 304 -
::1 - - [11/Oct/2023:06:18:14 +0000] "GET /product HTTP/1.1" 304 -
::1 - - [11/Oct/2023:06:18:14 +0000] "GET /product HTTP/1.1" 304 -
::1 - - [11/Oct/2023:06:25:21 +0000] "GET /api/v1/product HTTP/1.1" 200 32
::1 - - [11/Oct/2023:06:25:25 +0000] "GET /api/v1/product HTTP/1.1" 200 32
::1 - - [11/Oct/2023:06:25:48 +0000] "GET /api/v1/product HTTP/1.1" 200 32
::1 - - [11/Oct/2023:06:26:17 +0000] "GET /api/v1/product HTTP/1.1" 404 30
::1 - - [11/Oct/2023:06:28:27 +0000] "POST /api/v1/product HTTP/1.1" 200 128
::1 - - [11/Oct/2023:06:29:06 +0000] "GET /api/v1/product HTTP/1.1" 200 32
::1 - - [11/Oct/2023:06:29:08 +0000] "GET /api/v1/product HTTP/1.1" 200 32
::1 - - [11/Oct/2023:06:29:34 +0000] "GET /api/v1/product HTTP/1.1" 200 280
::1 - - [11/Oct/2023:06:29:44 +0000] "GET /api/v1/product/6526408ac1dc4981a92f914e HTTP/1.1" 404 178
::1 - - [11/Oct/2023:06:29:59 +0000] "GET /api/v1/product/?_id=6526408ac1dc4981a92f914e HTTP/1.1" 200 280
